<?xml version="1.0" encoding="UTF-8"?>
<testng-results ignored="0" total="1" passed="1" failed="0" skipped="0">
  <reporter-output>
  </reporter-output>
  <suite started-at="2024-10-17T10:58:50 IST" name="Surefire suite" finished-at="2024-10-17T10:58:55 IST" duration-ms="4803">
    <groups>
    </groups>
    <test started-at="2024-10-17T10:58:50 IST" name="Surefire test" finished-at="2024-10-17T10:58:55 IST" duration-ms="4803">
      <class name="com.qa.test.BaseTest">
        <test-method is-config="true" signature="setup()[pri:0, instance:com.qa.test.BaseTest@482cd91f]" started-at="2024-10-17T10:58:50 IST" name="setup" finished-at="2024-10-17T10:58:52 IST" duration-ms="1808" status="PASS">
          <reporter-output>
          </reporter-output>
        </test-method> <!-- setup -->
        <test-method signature="sampleTest()[pri:0, instance:com.qa.test.BaseTest@482cd91f]" started-at="2024-10-17T10:58:52 IST" name="sampleTest" finished-at="2024-10-17T10:58:55 IST" duration-ms="2754" status="PASS">
          <reporter-output>
          </reporter-output>
        </test-method> <!-- sampleTest -->
        <test-method is-config="true" signature="tearDown()[pri:0, instance:com.qa.test.BaseTest@482cd91f]" started-at="2024-10-17T10:58:55 IST" name="tearDown" finished-at="2024-10-17T10:58:55 IST" duration-ms="211" status="PASS">
          <reporter-output>
          </reporter-output>
        </test-method> <!-- tearDown -->
      </class> <!-- com.qa.test.BaseTest -->
    </test> <!-- Surefire test -->
  </suite> <!-- Surefire suite -->
</testng-results>
