<?xml version="1.0" encoding="UTF-8"?>
<testng-results ignored="0" total="1" passed="1" failed="0" skipped="0">
  <reporter-output>
  </reporter-output>
  <suite started-at="2024-10-17T05:27:17Z" name="Default suite" finished-at="2024-10-17T05:27:21Z" duration-ms="3494">
    <groups>
    </groups>
    <test started-at="2024-10-17T05:27:17Z" name="Default test" finished-at="2024-10-17T05:27:21Z" duration-ms="3494">
      <class name="com.qa.test.BaseTest">
        <test-method is-config="true" signature="setup()[pri:0, instance:com.qa.test.BaseTest@6f15d60e]" started-at="2024-10-17T10:57:17Z" name="setup" finished-at="2024-10-17T10:57:19Z" duration-ms="1559" status="PASS">
          <reporter-output>
          </reporter-output>
        </test-method> <!-- setup -->
        <test-method signature="sampleTest()[pri:0, instance:com.qa.test.BaseTest@6f15d60e]" started-at="2024-10-17T10:57:19Z" name="sampleTest" finished-at="2024-10-17T10:57:21Z" duration-ms="1771" status="PASS">
          <reporter-output>
          </reporter-output>
        </test-method> <!-- sampleTest -->
        <test-method is-config="true" signature="tearDown()[pri:0, instance:com.qa.test.BaseTest@6f15d60e]" started-at="2024-10-17T10:57:21Z" name="tearDown" finished-at="2024-10-17T10:57:21Z" duration-ms="151" status="PASS">
          <reporter-output>
          </reporter-output>
        </test-method> <!-- tearDown -->
      </class> <!-- com.qa.test.BaseTest -->
    </test> <!-- Default test -->
  </suite> <!-- Default suite -->
</testng-results>
